<?xml version="1.0" encoding="UTF-8"?>
<!-- Generated by org.testng.reporters.JUnitReportReporter -->
<testsuite skipped="0" hostname="Anups-MacBook-Pro.local" name="com.qa.TestCases.TC_AddCustomerTest_003" tests="1" failures="0" timestamp="08 Sep 2018 06:58:00 GMT" time="8.927" errors="0">
  <testcase name="AddnewCustomerPageTest" time="8.927" classname="com.qa.TestCases.TC_AddCustomerTest_003"/>
</testsuite> <!-- com.qa.TestCases.TC_AddCustomerTest_003 -->
