<?xml version="1.0" encoding="UTF-8"?>
<!-- Generated by org.testng.reporters.JUnitReportReporter -->
<testsuite skipped="0" hostname="Anups-MacBook-Pro.local" name="com.qa.TestCases.TC_LoginTest_001" tests="1" failures="0" timestamp="08 Sep 2018 06:58:00 GMT" time="2.757" errors="0">
  <testcase name="loginTest" time="2.757" classname="com.qa.TestCases.TC_LoginTest_001"/>
</testsuite> <!-- com.qa.TestCases.TC_LoginTest_001 -->
