<?xml version="1.0" encoding="UTF-8"?>
<!-- Generated by org.testng.reporters.JUnitReportReporter -->
<testsuite skipped="0" hostname="Anups-MacBook-Pro.local" name="com.qa.TestCases.TC_LoginTDD_002" tests="4" failures="0" timestamp="07 Sep 2018 18:42:47 GMT" time="43.504" errors="0">
  <testcase name="loginData" time="8.836" classname="com.qa.TestCases.TC_LoginTDD_002"/>
  <testcase name="loginData" time="3.298" classname="com.qa.TestCases.TC_LoginTDD_002"/>
  <testcase name="loginData" time="23.964" classname="com.qa.TestCases.TC_LoginTDD_002"/>
  <testcase name="loginData" time="7.406" classname="com.qa.TestCases.TC_LoginTDD_002"/>
</testsuite> <!-- com.qa.TestCases.TC_LoginTDD_002 -->
