<?xml version="1.0" encoding="UTF-8"?>
<!-- Generated by org.testng.reporters.JUnitReportReporter -->
<testsuite skipped="0" hostname="Anups-MacBook-Pro.local" name="com.qa.TestCases.TC_AddCustomerTest_003" tests="1" failures="0" timestamp="11 Apr 2020 05:24:43 GMT" time="10.989" errors="0">
  <testcase name="AddnewCustomerPageTest" time="10.989" classname="com.qa.TestCases.TC_AddCustomerTest_003"/>
</testsuite> <!-- com.qa.TestCases.TC_AddCustomerTest_003 -->
