<?xml version="1.0" encoding="UTF-8"?>
<!-- Generated by org.testng.reporters.JUnitReportReporter -->
<testsuite skipped="0" hostname="Anups-MacBook-Pro.local" name="com.qa.TestCases.TC_AddCustomerTest_003" tests="1" failures="0" timestamp="07 Sep 2018 20:10:52 GMT" time="8.807" errors="0">
  <testcase name="Setup" time="8.807" classname="com.qa.TestCases.TC_AddCustomerTest_003"/>
</testsuite> <!-- com.qa.TestCases.TC_AddCustomerTest_003 -->
