<?xml version="1.0" encoding="UTF-8"?>
<!-- Generated by org.testng.reporters.JUnitReportReporter -->
<testsuite skipped="0" hostname="Anups-MacBook-Pro.local" name="com.qa.TestCases.TC_LoginTest_001" tests="1" failures="0" timestamp="07 Sep 2018 20:10:52 GMT" time="13.240" errors="0">
  <testcase name="loginTest" time="13.240" classname="com.qa.TestCases.TC_LoginTest_001"/>
</testsuite> <!-- com.qa.TestCases.TC_LoginTest_001 -->
